# JRE version: Java(TM) SE Runtime Environment (25.0.2+10) (build 25.0.2+10-LTS-69)
# Java VM: Java HotSpot(TM) 64-Bit Server VM (25.0.2+10-LTS-69, mixed mode, sharing, tiered, compressed oops, compressed class ptrs, parallel gc, windows-amd64)
GC Precious Log:
 CardTable entry size: 512
 CPUs: 8 total, 8 available
 Memory: 16255M
 Large Page Support: Disabled
 NUMA Support: Disabled
 Compressed Oops: Enabled (32-bit)
 Alignments: Space 512K, Generation 512K, Heap 2M
 Heap Min Capacity: 100M
 Heap Initial Capacity: 100M
 Heap Max Capacity: 2G
 Pre-touch: Disabled
 Parallel Workers: 8
Heap:
 PSYoungGen      total 34304K, used 22780K [0x00000000d5580000, 0x00000000d7b00000, 0x0000000100000000)
  eden space 31232K, 63% used [0x00000000d5580000,0x00000000d68d18f8,0x00000000d7400000)
  from space 3072K, 97% used [0x00000000d7780000,0x00000000d7a6d858,0x00000000d7a80000)
  to   space 3584K, 0% used [0x00000000d7400000,0x00000000d7400000,0x00000000d7780000)
 ParOldGen       total 68608K, used 14070K [0x0000000080000000, 0x0000000084300000, 0x00000000d5580000)
  object space 68608K, 20% used [0x0000000080000000,0x0000000080dbdba8,0x0000000084300000)
GC Heap Usage History (20 events):
Event: 10.007 {heap Before GC invocations=4 (full 0):
 PSYoungGen      total 29696K, used 29682K [0x00000000d5580000, 0x00000000d7680000, 0x0000000100000000)
  eden space 25600K, 100% used [0x00000000d5580000,0x00000000d6e80000,0x00000000d6e80000)
  from space 4096K, 99% used [0x00000000d6e80000,0x00000000d727cb80,0x00000000d7280000)
  to   space 4096K, 0% used [0x00000000d7280000,0x00000000d7280000,0x00000000d7680000)
 ParOldGen       total 68608K, used 4356K [0x0000000080000000, 0x0000000084300000, 0x00000000d5580000)Event: 10.012 {heap After GC invocations=4 (full 0):
 PSYoungGen      total 29696K, used 4084K [0x00000000d5580000, 0x00000000d7680000, 0x0000000100000000)
  eden space 25600K, 0% used [0x00000000d5580000,0x00000000d5580000,0x00000000d6e80000)
  from space 4096K, 99% used [0x00000000d7280000,0x00000000d767d188,0x00000000d7680000)
  to   space 4096K, 0% used [0x00000000d6e80000,0x00000000d6e80000,0x00000000d7280000)
 ParOldGen       total 68608K, used 5740K [0x0000000080000000, 0x0000000084300000, 0x00000000d5580000)
  oEvent: 12.199 {heap Before GC invocations=5 (full 0):
 PSYoungGen      total 29696K, used 29684K [0x00000000d5580000, 0x00000000d7680000, 0x0000000100000000)
  eden space 25600K, 100% used [0x00000000d5580000,0x00000000d6e80000,0x00000000d6e80000)
  from space 4096K, 99% used [0x00000000d7280000,0x00000000d767d188,0x00000000d7680000)
  to   space 4096K, 0% used [0x00000000d6e80000,0x00000000d6e80000,0x00000000d7280000)
 ParOldGen       total 68608K, used 5740K [0x0000000080000000, 0x0000000084300000, 0x00000000d5580000)Event: 12.204 {heap After GC invocations=5 (full 0):
 PSYoungGen      total 29184K, used 4085K [0x00000000d5580000, 0x00000000d7900000, 0x0000000100000000)
  eden space 25088K, 0% used [0x00000000d5580000,0x00000000d5580000,0x00000000d6e00000)
  from space 4096K, 99% used [0x00000000d6e80000,0x00000000d727d698,0x00000000d7280000)
  to   space 5632K, 0% used [0x00000000d7380000,0x00000000d7380000,0x00000000d7900000)
 ParOldGen       total 68608K, used 7240K [0x0000000080000000, 0x0000000084300000, 0x00000000d5580000)
  oEvent: 13.416 {heap Before GC invocations=6 (full 0):
 PSYoungGen      total 29184K, used 29173K [0x00000000d5580000, 0x00000000d7900000, 0x0000000100000000)
  eden space 25088K, 100% used [0x00000000d5580000,0x00000000d6e00000,0x00000000d6e00000)
  from space 4096K, 99% used [0x00000000d6e80000,0x00000000d727d698,0x00000000d7280000)
  to   space 5632K, 0% used [0x00000000d7380000,0x00000000d7380000,0x00000000d7900000)
 ParOldGen       total 68608K, used 7240K [0x0000000080000000, 0x0000000084300000, 0x00000000d5580000)Event: 13.421 {heap After GC invocations=6 (full 0):
 PSYoungGen      total 29696K, used 4676K [0x00000000d5580000, 0x00000000d7880000, 0x0000000100000000)
  eden space 24576K, 0% used [0x00000000d5580000,0x00000000d5580000,0x00000000d6d80000)
  from space 5120K, 91% used [0x00000000d7380000,0x00000000d7811288,0x00000000d7880000)
  to   space 5120K, 0% used [0x00000000d6e80000,0x00000000d6e80000,0x00000000d7380000)
 ParOldGen       total 68608K, used 7248K [0x0000000080000000, 0x0000000084300000, 0x00000000d5580000)
  oEvent: 14.230 {heap Before GC invocations=7 (full 0):
 PSYoungGen      total 29696K, used 29252K [0x00000000d5580000, 0x00000000d7880000, 0x0000000100000000)
  eden space 24576K, 100% used [0x00000000d5580000,0x00000000d6d80000,0x00000000d6d80000)
  from space 5120K, 91% used [0x00000000d7380000,0x00000000d7811288,0x00000000d7880000)
  to   space 5120K, 0% used [0x00000000d6e80000,0x00000000d6e80000,0x00000000d7380000)
 ParOldGen       total 68608K, used 7248K [0x0000000080000000, 0x0000000084300000, 0x00000000d5580000)Event: 14.235 {heap After GC invocations=7 (full 0):
 PSYoungGen      total 28160K, used 2231K [0x00000000d5580000, 0x00000000d7680000, 0x0000000100000000)
  eden space 25600K, 0% used [0x00000000d5580000,0x00000000d5580000,0x00000000d6e80000)
  from space 2560K, 87% used [0x00000000d6e80000,0x00000000d70adfc8,0x00000000d7100000)
  to   space 3584K, 0% used [0x00000000d7300000,0x00000000d7300000,0x00000000d7680000)
 ParOldGen       total 68608K, used 9280K [0x0000000080000000, 0x0000000084300000, 0x00000000d5580000)
  oEvent: 15.217 {heap Before GC invocations=8 (full 0):
 PSYoungGen      total 28160K, used 27831K [0x00000000d5580000, 0x00000000d7680000, 0x0000000100000000)
  eden space 25600K, 100% used [0x00000000d5580000,0x00000000d6e80000,0x00000000d6e80000)
  from space 2560K, 87% used [0x00000000d6e80000,0x00000000d70adfc8,0x00000000d7100000)
  to   space 3584K, 0% used [0x00000000d7300000,0x00000000d7300000,0x00000000d7680000)
 ParOldGen       total 68608K, used 9280K [0x0000000080000000, 0x0000000084300000, 0x00000000d5580000)Event: 15.218 {heap After GC invocations=8 (full 0):
 PSYoungGen      total 31744K, used 1372K [0x00000000d5580000, 0x00000000d7680000, 0x0000000100000000)
  eden space 28160K, 0% used [0x00000000d5580000,0x00000000d5580000,0x00000000d7100000)
  from space 3584K, 38% used [0x00000000d7300000,0x00000000d74570b0,0x00000000d7680000)
  to   space 2048K, 0% used [0x00000000d7100000,0x00000000d7100000,0x00000000d7300000)
 ParOldGen       total 68608K, used 10218K [0x0000000080000000, 0x0000000084300000, 0x00000000d5580000)
  Event: 16.756 {heap Before GC invocations=9 (full 0):
 PSYoungGen      total 31744K, used 29532K [0x00000000d5580000, 0x00000000d7680000, 0x0000000100000000)
  eden space 28160K, 100% used [0x00000000d5580000,0x00000000d7100000,0x00000000d7100000)
  from space 3584K, 38% used [0x00000000d7300000,0x00000000d74570b0,0x00000000d7680000)
  to   space 2048K, 0% used [0x00000000d7100000,0x00000000d7100000,0x00000000d7300000)
 ParOldGen       total 68608K, used 10218K [0x0000000080000000, 0x0000000084300000, 0x00000000d5580000Event: 16.757 {heap After GC invocations=9 (full 0):
 PSYoungGen      total 30208K, used 432K [0x00000000d5580000, 0x00000000d7680000, 0x0000000100000000)
  eden space 28160K, 0% used [0x00000000d5580000,0x00000000d5580000,0x00000000d7100000)
  from space 2048K, 21% used [0x00000000d7100000,0x00000000d716c010,0x00000000d7300000)
  to   space 1024K, 0% used [0x00000000d7580000,0x00000000d7580000,0x00000000d7680000)
 ParOldGen       total 68608K, used 11263K [0x0000000080000000, 0x0000000084300000, 0x00000000d5580000)
  oEvent: 18.092 {heap Before GC invocations=10 (full 0):
 PSYoungGen      total 30208K, used 28592K [0x00000000d5580000, 0x00000000d7680000, 0x0000000100000000)
  eden space 28160K, 100% used [0x00000000d5580000,0x00000000d7100000,0x00000000d7100000)
  from space 2048K, 21% used [0x00000000d7100000,0x00000000d716c010,0x00000000d7300000)
  to   space 1024K, 0% used [0x00000000d7580000,0x00000000d7580000,0x00000000d7680000)
 ParOldGen       total 68608K, used 11263K [0x0000000080000000, 0x0000000084300000, 0x00000000d558000Event: 18.093 {heap After GC invocations=10 (full 0):
 PSYoungGen      total 33280K, used 320K [0x00000000d5580000, 0x00000000d7680000, 0x0000000100000000)
  eden space 32256K, 0% used [0x00000000d5580000,0x00000000d5580000,0x00000000d7500000)
  from space 1024K, 31% used [0x00000000d7580000,0x00000000d75d0000,0x00000000d7680000)
  to   space 512K, 0% used [0x00000000d7500000,0x00000000d7500000,0x00000000d7580000)
 ParOldGen       total 68608K, used 11399K [0x0000000080000000, 0x0000000084300000, 0x00000000d5580000)
  oEvent: 18.734 {heap Before GC invocations=11 (full 1):
 PSYoungGen      total 33280K, used 27015K [0x00000000d5580000, 0x00000000d7680000, 0x0000000100000000)
  eden space 32256K, 82% used [0x00000000d5580000,0x00000000d6f91e10,0x00000000d7500000)
  from space 1024K, 31% used [0x00000000d7580000,0x00000000d75d0000,0x00000000d7680000)
  to   space 512K, 0% used [0x00000000d7500000,0x00000000d7500000,0x00000000d7580000)
 ParOldGen       total 68608K, used 11399K [0x0000000080000000, 0x0000000084300000, 0x00000000d5580000)Event: 18.755 {heap After GC invocations=11 (full 1):
 PSYoungGen      total 33280K, used 0K [0x00000000d5580000, 0x00000000d7680000, 0x0000000100000000)
  eden space 32256K, 0% used [0x00000000d5580000,0x00000000d5580000,0x00000000d7500000)
  from space 1024K, 0% used [0x00000000d7580000,0x00000000d7580000,0x00000000d7680000)
  to   space 512K, 0% used [0x00000000d7500000,0x00000000d7500000,0x00000000d7580000)
 ParOldGen       total 68608K, used 12028K [0x0000000080000000, 0x0000000084300000, 0x00000000d5580000)
  objeEvent: 19.962 {heap Before GC invocations=12 (full 1):
 PSYoungGen      total 33280K, used 32246K [0x00000000d5580000, 0x00000000d7680000, 0x0000000100000000)
  eden space 32256K, 99% used [0x00000000d5580000,0x00000000d74fd9f8,0x00000000d7500000)
  from space 1024K, 0% used [0x00000000d7580000,0x00000000d7580000,0x00000000d7680000)
  to   space 512K, 0% used [0x00000000d7500000,0x00000000d7500000,0x00000000d7580000)
 ParOldGen       total 68608K, used 12028K [0x0000000080000000, 0x0000000084300000, 0x00000000d5580000)
Event: 19.964 {heap After GC invocations=12 (full 1):
 PSYoungGen      total 32256K, used 509K [0x00000000d5580000, 0x00000000d7a80000, 0x0000000100000000)
  eden space 31744K, 0% used [0x00000000d5580000,0x00000000d5580000,0x00000000d7480000)
  from space 512K, 99% used [0x00000000d7500000,0x00000000d757f5b0,0x00000000d7580000)
  to   space 3072K, 0% used [0x00000000d7780000,0x00000000d7780000,0x00000000d7a80000)
 ParOldGen       total 68608K, used 13769K [0x0000000080000000, 0x0000000084300000, 0x00000000d5580000)
  oEvent: 21.281 {heap Before GC invocations=13 (full 1):
 PSYoungGen      total 32256K, used 32253K [0x00000000d5580000, 0x00000000d7a80000, 0x0000000100000000)
  eden space 31744K, 100% used [0x00000000d5580000,0x00000000d7480000,0x00000000d7480000)
  from space 512K, 99% used [0x00000000d7500000,0x00000000d757f5b0,0x00000000d7580000)
  to   space 3072K, 0% used [0x00000000d7780000,0x00000000d7780000,0x00000000d7a80000)
 ParOldGen       total 68608K, used 13769K [0x0000000080000000, 0x0000000084300000, 0x00000000d5580000Event: 21.282 {heap After GC invocations=13 (full 1):
 PSYoungGen      total 34304K, used 2998K [0x00000000d5580000, 0x00000000d7b00000, 0x0000000100000000)
  eden space 31232K, 0% used [0x00000000d5580000,0x00000000d5580000,0x00000000d7400000)
  from space 3072K, 97% used [0x00000000d7780000,0x00000000d7a6d858,0x00000000d7a80000)
  to   space 3584K, 0% used [0x00000000d7400000,0x00000000d7400000,0x00000000d7780000)
 ParOldGen       total 68608K, used 14070K [0x0000000080000000, 0x0000000084300000, 0x00000000d5580000)
 
Metaspace Usage History (20 events):
Event: 10.007 {metaspace Before GC invocations=4 (full 0):
 Metaspace       used 11297K, committed 11584K, reserved 1114112K
  class space    used 1159K, committed 1280K, reserved 1048576K
}
Event: 10.012 {metaspace After GC invocations=4 (full 0):
 Metaspace       used 11297K, committed 11584K, reserved 1114112K
  class space    used 1159K, committed 1280K, reserved 1048576K
}
Event: 12.199 {metaspace Before GC invocations=5 (full 0):
 Metaspace       used 15320K, committed 15808K, reserved 1114112K
  class space    used 1562K, committed 1792K, reserved 1048576K
}
Event: 12.204 {metaspace After GC invocations=5 (full 0):
 Metaspace       used 15320K, committed 15808K, reserved 1114112K
  class space    used 1562K, committed 1792K, reserved 1048576K
}
Event: 13.416 {metaspace Before GC invocations=6 (full 0):
 Metaspace       used 17562K, committed 18176K, reserved 1114112K
  class space    used 1826K, committed 2048K, reserved 1048576K
}
Event: 13.421 {metaspace After GC invocations=6 (full 0):
 Metaspace       used 17562K, committed 18176K, reserved 1114112K
  class space    used 1826K, committed 2048K, reserved 1048576K
}
Event: 14.230 {metaspace Before GC invocations=7 (full 0):
 Metaspace       used 17761K, committed 18432K, reserved 1114112K
  class space    used 1838K, committed 2112K, reserved 1048576K
}
Event: 14.235 {metaspace After GC invocations=7 (full 0):
 Metaspace       used 17761K, committed 18432K, reserved 1114112K
  class space    used 1838K, committed 2112K, reserved 1048576K
}
Event: 15.217 {metaspace Before GC invocations=8 (full 0):
 Metaspace       used 17834K, committed 18432K, reserved 1114112K
  class space    used 1839K, committed 2112K, reserved 1048576K
}
Event: 15.218 {metaspace After GC invocations=8 (full 0):
 Metaspace       used 17834K, committed 18432K, reserved 1114112K
  class space    used 1839K, committed 2112K, reserved 1048576K
}
Event: 16.756 {metaspace Before GC invocations=9 (full 0):
 Metaspace       used 17989K, committed 18624K, reserved 1114112K
  class space    used 1849K, committed 2112K, reserved 1048576K
}
Event: 16.757 {metaspace After GC invocations=9 (full 0):
 Metaspace       used 17989K, committed 18624K, reserved 1114112K
  class space    used 1849K, committed 2112K, reserved 1048576K
}
Event: 18.092 {metaspace Before GC invocations=10 (full 0):
 Metaspace       used 18004K, committed 18624K, reserved 1114112K
  class space    used 1849K, committed 2112K, reserved 1048576K
}
Event: 18.093 {metaspace After GC invocations=10 (full 0):
 Metaspace       used 18004K, committed 18624K, reserved 1114112K
  class space    used 1849K, committed 2112K, reserved 1048576K
}
Event: 18.734 {metaspace Before GC invocations=11 (full 1):
 Metaspace       used 20860K, committed 21504K, reserved 1114112K
  class space    used 2038K, committed 2304K, reserved 1048576K
}
Event: 18.755 {metaspace After GC invocations=11 (full 1):
 Metaspace       used 20848K, committed 21504K, reserved 1114112K
  class space    used 2034K, committed 2304K, reserved 1048576K
}
Event: 19.962 {metaspace Before GC invocations=12 (full 1):
 Metaspace       used 23878K, committed 24512K, reserved 1114112K
  class space    used 2294K, committed 2560K, reserved 1048576K
}
Event: 19.964 {metaspace After GC invocations=12 (full 1):
 Metaspace       used 23878K, committed 24512K, reserved 1114112K
  class space    used 2294K, committed 2560K, reserved 1048576K
}
Event: 21.281 {metaspace Before GC invocations=13 (full 1):
 Metaspace       used 28481K, committed 29312K, reserved 1114112K
  class space    used 2797K, committed 3136K, reserved 1048576K
}
Event: 21.282 {metaspace After GC invocations=13 (full 1):
 Metaspace       used 28481K, committed 29312K, reserved 1114112K
  class space    used 2797K, committed 3136K, reserved 1048576K
}

