# JRE version: Java(TM) SE Runtime Environment (25.0.2+10) (build 25.0.2+10-LTS-69)
# Java VM: Java HotSpot(TM) 64-Bit Server VM (25.0.2+10-LTS-69, mixed mode, sharing, tiered, compressed oops, compressed class ptrs, parallel gc, windows-amd64)
GC Precious Log:
 CardTable entry size: 512
 CPUs: 8 total, 8 available
 Memory: 16255M
 Large Page Support: Disabled
 NUMA Support: Disabled
 Compressed Oops: Enabled (32-bit)
 Alignments: Space 512K, Generation 512K, Heap 2M
 Heap Min Capacity: 100M
 Heap Initial Capacity: 100M
 Heap Max Capacity: 2G
 Pre-touch: Disabled
 Parallel Workers: 8
Heap:
 PSYoungGen      total 32768K, used 28595K [0x00000000d5580000, 0x00000000d7900000, 0x0000000100000000)
  eden space 30208K, 87% used [0x00000000d5580000,0x00000000d6f5ce20,0x00000000d7300000)
  from space 2560K, 82% used [0x00000000d7380000,0x00000000d7590000,0x00000000d7600000)
  to   space 3072K, 0% used [0x00000000d7600000,0x00000000d7600000,0x00000000d7900000)
 ParOldGen       total 68608K, used 17057K [0x0000000080000000, 0x0000000084300000, 0x00000000d5580000)
  object space 68608K, 24% used [0x0000000080000000,0x00000000810a8450,0x0000000084300000)
GC Heap Usage History (20 events):
Event: 12.504 {heap Before GC invocations=5 (full 0):
 PSYoungGen      total 29696K, used 29693K [0x00000000d5580000, 0x00000000d7680000, 0x0000000100000000)
  eden space 25600K, 100% used [0x00000000d5580000,0x00000000d6e80000,0x00000000d6e80000)
  from space 4096K, 99% used [0x00000000d7280000,0x00000000d767f758,0x00000000d7680000)
  to   space 4096K, 0% used [0x00000000d6e80000,0x00000000d6e80000,0x00000000d7280000)
 ParOldGen       total 68608K, used 5773K [0x0000000080000000, 0x0000000084300000, 0x00000000d5580000)Event: 12.513 {heap After GC invocations=5 (full 0):
 PSYoungGen      total 29184K, used 4090K [0x00000000d5580000, 0x00000000d7a00000, 0x0000000100000000)
  eden space 25088K, 0% used [0x00000000d5580000,0x00000000d5580000,0x00000000d6e00000)
  from space 4096K, 99% used [0x00000000d6e80000,0x00000000d727e840,0x00000000d7280000)
  to   space 6144K, 0% used [0x00000000d7400000,0x00000000d7400000,0x00000000d7a00000)
 ParOldGen       total 68608K, used 7332K [0x0000000080000000, 0x0000000084300000, 0x00000000d5580000)
  oEvent: 13.952 {heap Before GC invocations=6 (full 0):
 PSYoungGen      total 29184K, used 29178K [0x00000000d5580000, 0x00000000d7a00000, 0x0000000100000000)
  eden space 25088K, 100% used [0x00000000d5580000,0x00000000d6e00000,0x00000000d6e00000)
  from space 4096K, 99% used [0x00000000d6e80000,0x00000000d727e840,0x00000000d7280000)
  to   space 6144K, 0% used [0x00000000d7400000,0x00000000d7400000,0x00000000d7a00000)
 ParOldGen       total 68608K, used 7332K [0x0000000080000000, 0x0000000084300000, 0x00000000d5580000)Event: 13.959 {heap After GC invocations=6 (full 0):
 PSYoungGen      total 29696K, used 4685K [0x00000000d5580000, 0x00000000d7900000, 0x0000000100000000)
  eden space 24576K, 0% used [0x00000000d5580000,0x00000000d5580000,0x00000000d6d80000)
  from space 5120K, 91% used [0x00000000d7400000,0x00000000d78936d0,0x00000000d7900000)
  to   space 5120K, 0% used [0x00000000d6f00000,0x00000000d6f00000,0x00000000d7400000)
 ParOldGen       total 68608K, used 7340K [0x0000000080000000, 0x0000000084300000, 0x00000000d5580000)
  oEvent: 14.545 {heap Before GC invocations=7 (full 0):
 PSYoungGen      total 29696K, used 29261K [0x00000000d5580000, 0x00000000d7900000, 0x0000000100000000)
  eden space 24576K, 100% used [0x00000000d5580000,0x00000000d6d80000,0x00000000d6d80000)
  from space 5120K, 91% used [0x00000000d7400000,0x00000000d78936d0,0x00000000d7900000)
  to   space 5120K, 0% used [0x00000000d6f00000,0x00000000d6f00000,0x00000000d7400000)
 ParOldGen       total 68608K, used 7340K [0x0000000080000000, 0x0000000084300000, 0x00000000d5580000)Event: 14.550 {heap After GC invocations=7 (full 0):
 PSYoungGen      total 28672K, used 2411K [0x00000000d5580000, 0x00000000d7680000, 0x0000000100000000)
  eden space 26112K, 0% used [0x00000000d5580000,0x00000000d5580000,0x00000000d6f00000)
  from space 2560K, 94% used [0x00000000d6f00000,0x00000000d715af70,0x00000000d7180000)
  to   space 3584K, 0% used [0x00000000d7300000,0x00000000d7300000,0x00000000d7680000)
 ParOldGen       total 68608K, used 9312K [0x0000000080000000, 0x0000000084300000, 0x00000000d5580000)
  oEvent: 15.688 {heap Before GC invocations=8 (full 0):
 PSYoungGen      total 28672K, used 28523K [0x00000000d5580000, 0x00000000d7680000, 0x0000000100000000)
  eden space 26112K, 100% used [0x00000000d5580000,0x00000000d6f00000,0x00000000d6f00000)
  from space 2560K, 94% used [0x00000000d6f00000,0x00000000d715af70,0x00000000d7180000)
  to   space 3584K, 0% used [0x00000000d7300000,0x00000000d7300000,0x00000000d7680000)
 ParOldGen       total 68608K, used 9312K [0x0000000080000000, 0x0000000084300000, 0x00000000d5580000)Event: 15.690 {heap After GC invocations=8 (full 0):
 PSYoungGen      total 31744K, used 1280K [0x00000000d5580000, 0x00000000d7680000, 0x0000000100000000)
  eden space 28160K, 0% used [0x00000000d5580000,0x00000000d5580000,0x00000000d7100000)
  from space 3584K, 35% used [0x00000000d7300000,0x00000000d7440320,0x00000000d7680000)
  to   space 2048K, 0% used [0x00000000d7100000,0x00000000d7100000,0x00000000d7300000)
 ParOldGen       total 68608K, used 10428K [0x0000000080000000, 0x0000000084300000, 0x00000000d5580000)
  Event: 16.946 {heap Before GC invocations=9 (full 0):
 PSYoungGen      total 31744K, used 29440K [0x00000000d5580000, 0x00000000d7680000, 0x0000000100000000)
  eden space 28160K, 100% used [0x00000000d5580000,0x00000000d7100000,0x00000000d7100000)
  from space 3584K, 35% used [0x00000000d7300000,0x00000000d7440320,0x00000000d7680000)
  to   space 2048K, 0% used [0x00000000d7100000,0x00000000d7100000,0x00000000d7300000)
 ParOldGen       total 68608K, used 10428K [0x0000000080000000, 0x0000000084300000, 0x00000000d5580000Event: 16.947 {heap After GC invocations=9 (full 0):
 PSYoungGen      total 30208K, used 352K [0x00000000d5580000, 0x00000000d7680000, 0x0000000100000000)
  eden space 28160K, 0% used [0x00000000d5580000,0x00000000d5580000,0x00000000d7100000)
  from space 2048K, 17% used [0x00000000d7100000,0x00000000d7158000,0x00000000d7300000)
  to   space 1024K, 0% used [0x00000000d7580000,0x00000000d7580000,0x00000000d7680000)
 ParOldGen       total 68608K, used 11407K [0x0000000080000000, 0x0000000084300000, 0x00000000d5580000)
  oEvent: 18.475 {heap Before GC invocations=10 (full 0):
 PSYoungGen      total 30208K, used 28497K [0x00000000d5580000, 0x00000000d7680000, 0x0000000100000000)
  eden space 28160K, 99% used [0x00000000d5580000,0x00000000d70fc428,0x00000000d7100000)
  from space 2048K, 17% used [0x00000000d7100000,0x00000000d7158000,0x00000000d7300000)
  to   space 1024K, 0% used [0x00000000d7580000,0x00000000d7580000,0x00000000d7680000)
 ParOldGen       total 68608K, used 11407K [0x0000000080000000, 0x0000000084300000, 0x00000000d5580000Event: 18.475 {heap After GC invocations=10 (full 0):
 PSYoungGen      total 33280K, used 320K [0x00000000d5580000, 0x00000000d7680000, 0x0000000100000000)
  eden space 32256K, 0% used [0x00000000d5580000,0x00000000d5580000,0x00000000d7500000)
  from space 1024K, 31% used [0x00000000d7580000,0x00000000d75d0000,0x00000000d7680000)
  to   space 512K, 0% used [0x00000000d7500000,0x00000000d7500000,0x00000000d7580000)
 ParOldGen       total 68608K, used 11535K [0x0000000080000000, 0x0000000084300000, 0x00000000d5580000)
  oEvent: 18.964 {heap Before GC invocations=11 (full 1):
 PSYoungGen      total 33280K, used 27150K [0x00000000d5580000, 0x00000000d7680000, 0x0000000100000000)
  eden space 32256K, 83% used [0x00000000d5580000,0x00000000d6fb3b90,0x00000000d7500000)
  from space 1024K, 31% used [0x00000000d7580000,0x00000000d75d0000,0x00000000d7680000)
  to   space 512K, 0% used [0x00000000d7500000,0x00000000d7500000,0x00000000d7580000)
 ParOldGen       total 68608K, used 11535K [0x0000000080000000, 0x0000000084300000, 0x00000000d5580000)Event: 18.985 {heap After GC invocations=11 (full 1):
 PSYoungGen      total 33280K, used 0K [0x00000000d5580000, 0x00000000d7680000, 0x0000000100000000)
  eden space 32256K, 0% used [0x00000000d5580000,0x00000000d5580000,0x00000000d7500000)
  from space 1024K, 0% used [0x00000000d7580000,0x00000000d7580000,0x00000000d7680000)
  to   space 512K, 0% used [0x00000000d7500000,0x00000000d7500000,0x00000000d7580000)
 ParOldGen       total 68608K, used 12236K [0x0000000080000000, 0x0000000084300000, 0x00000000d5580000)
  objeEvent: 20.356 {heap Before GC invocations=12 (full 1):
 PSYoungGen      total 33280K, used 32255K [0x00000000d5580000, 0x00000000d7680000, 0x0000000100000000)
  eden space 32256K, 99% used [0x00000000d5580000,0x00000000d74ffff0,0x00000000d7500000)
  from space 1024K, 0% used [0x00000000d7580000,0x00000000d7580000,0x00000000d7680000)
  to   space 512K, 0% used [0x00000000d7500000,0x00000000d7500000,0x00000000d7580000)
 ParOldGen       total 68608K, used 12236K [0x0000000080000000, 0x0000000084300000, 0x00000000d5580000)
Event: 20.357 {heap After GC invocations=12 (full 1):
 PSYoungGen      total 32256K, used 500K [0x00000000d5580000, 0x00000000d7a80000, 0x0000000100000000)
  eden space 31744K, 0% used [0x00000000d5580000,0x00000000d5580000,0x00000000d7480000)
  from space 512K, 97% used [0x00000000d7500000,0x00000000d757d190,0x00000000d7580000)
  to   space 3072K, 0% used [0x00000000d7780000,0x00000000d7780000,0x00000000d7a80000)
 ParOldGen       total 68608K, used 13994K [0x0000000080000000, 0x0000000084300000, 0x00000000d5580000)
  oEvent: 21.710 {heap Before GC invocations=13 (full 1):
 PSYoungGen      total 32256K, used 32244K [0x00000000d5580000, 0x00000000d7a80000, 0x0000000100000000)
  eden space 31744K, 100% used [0x00000000d5580000,0x00000000d7480000,0x00000000d7480000)
  from space 512K, 97% used [0x00000000d7500000,0x00000000d757d190,0x00000000d7580000)
  to   space 3072K, 0% used [0x00000000d7780000,0x00000000d7780000,0x00000000d7a80000)
 ParOldGen       total 68608K, used 13994K [0x0000000080000000, 0x0000000084300000, 0x00000000d5580000Event: 21.712 {heap After GC invocations=13 (full 1):
 PSYoungGen      total 33792K, used 3058K [0x00000000d5580000, 0x00000000d7c00000, 0x0000000100000000)
  eden space 30720K, 0% used [0x00000000d5580000,0x00000000d5580000,0x00000000d7380000)
  from space 3072K, 99% used [0x00000000d7780000,0x00000000d7a7caf8,0x00000000d7a80000)
  to   space 4096K, 0% used [0x00000000d7380000,0x00000000d7380000,0x00000000d7780000)
 ParOldGen       total 68608K, used 14412K [0x0000000080000000, 0x0000000084300000, 0x00000000d5580000)
 Event: 22.520 {heap Before GC invocations=14 (full 1):
 PSYoungGen      total 33792K, used 33778K [0x00000000d5580000, 0x00000000d7c00000, 0x0000000100000000)
  eden space 30720K, 100% used [0x00000000d5580000,0x00000000d7380000,0x00000000d7380000)
  from space 3072K, 99% used [0x00000000d7780000,0x00000000d7a7caf8,0x00000000d7a80000)
  to   space 4096K, 0% used [0x00000000d7380000,0x00000000d7380000,0x00000000d7780000)
 ParOldGen       total 68608K, used 14412K [0x0000000080000000, 0x0000000084300000, 0x00000000d558000Event: 22.523 {heap After GC invocations=14 (full 1):
 PSYoungGen      total 32768K, used 2112K [0x00000000d5580000, 0x00000000d7900000, 0x0000000100000000)
  eden space 30208K, 0% used [0x00000000d5580000,0x00000000d5580000,0x00000000d7300000)
  from space 2560K, 82% used [0x00000000d7380000,0x00000000d7590000,0x00000000d7600000)
  to   space 3072K, 0% used [0x00000000d7600000,0x00000000d7600000,0x00000000d7900000)
 ParOldGen       total 68608K, used 17057K [0x0000000080000000, 0x0000000084300000, 0x00000000d5580000)
 
Metaspace Usage History (20 events):
Event: 12.504 {metaspace Before GC invocations=5 (full 0):
 Metaspace       used 15348K, committed 15872K, reserved 1114112K
  class space    used 1554K, committed 1792K, reserved 1048576K
}
Event: 12.513 {metaspace After GC invocations=5 (full 0):
 Metaspace       used 15348K, committed 15872K, reserved 1114112K
  class space    used 1554K, committed 1792K, reserved 1048576K
}
Event: 13.952 {metaspace Before GC invocations=6 (full 0):
 Metaspace       used 17644K, committed 18240K, reserved 1114112K
  class space    used 1819K, committed 2048K, reserved 1048576K
}
Event: 13.959 {metaspace After GC invocations=6 (full 0):
 Metaspace       used 17644K, committed 18240K, reserved 1114112K
  class space    used 1819K, committed 2048K, reserved 1048576K
}
Event: 14.545 {metaspace Before GC invocations=7 (full 0):
 Metaspace       used 17816K, committed 18368K, reserved 1114112K
  class space    used 1829K, committed 2048K, reserved 1048576K
}
Event: 14.550 {metaspace After GC invocations=7 (full 0):
 Metaspace       used 17816K, committed 18368K, reserved 1114112K
  class space    used 1829K, committed 2048K, reserved 1048576K
}
Event: 15.688 {metaspace Before GC invocations=8 (full 0):
 Metaspace       used 17892K, committed 18432K, reserved 1114112K
  class space    used 1830K, committed 2048K, reserved 1048576K
}
Event: 15.690 {metaspace After GC invocations=8 (full 0):
 Metaspace       used 17892K, committed 18432K, reserved 1114112K
  class space    used 1830K, committed 2048K, reserved 1048576K
}
Event: 16.946 {metaspace Before GC invocations=9 (full 0):
 Metaspace       used 18042K, committed 18624K, reserved 1114112K
  class space    used 1841K, committed 2112K, reserved 1048576K
}
Event: 16.947 {metaspace After GC invocations=9 (full 0):
 Metaspace       used 18042K, committed 18624K, reserved 1114112K
  class space    used 1841K, committed 2112K, reserved 1048576K
}
Event: 18.475 {metaspace Before GC invocations=10 (full 0):
 Metaspace       used 18162K, committed 18752K, reserved 1114112K
  class space    used 1853K, committed 2112K, reserved 1048576K
}
Event: 18.475 {metaspace After GC invocations=10 (full 0):
 Metaspace       used 18162K, committed 18752K, reserved 1114112K
  class space    used 1853K, committed 2112K, reserved 1048576K
}
Event: 18.964 {metaspace Before GC invocations=11 (full 1):
 Metaspace       used 20924K, committed 21504K, reserved 1114112K
  class space    used 2036K, committed 2304K, reserved 1048576K
}
Event: 18.985 {metaspace After GC invocations=11 (full 1):
 Metaspace       used 20911K, committed 21504K, reserved 1114112K
  class space    used 2032K, committed 2304K, reserved 1048576K
}
Event: 20.356 {metaspace Before GC invocations=12 (full 1):
 Metaspace       used 24067K, committed 24704K, reserved 1114112K
  class space    used 2296K, committed 2560K, reserved 1048576K
}
Event: 20.357 {metaspace After GC invocations=12 (full 1):
 Metaspace       used 24067K, committed 24704K, reserved 1114112K
  class space    used 2296K, committed 2560K, reserved 1048576K
}
Event: 21.710 {metaspace Before GC invocations=13 (full 1):
 Metaspace       used 28545K, committed 29504K, reserved 1114112K
  class space    used 2789K, committed 3200K, reserved 1048576K
}
Event: 21.712 {metaspace After GC invocations=13 (full 1):
 Metaspace       used 28545K, committed 29504K, reserved 1114112K
  class space    used 2789K, committed 3200K, reserved 1048576K
}
Event: 22.520 {metaspace Before GC invocations=14 (full 1):
 Metaspace       used 32004K, committed 32960K, reserved 1114112K
  class space    used 3234K, committed 3648K, reserved 1048576K
}
Event: 22.523 {metaspace After GC invocations=14 (full 1):
 Metaspace       used 32004K, committed 32960K, reserved 1114112K
  class space    used 3234K, committed 3648K, reserved 1048576K
}

